Analysis & Synthesis report for MarcadorTenis
Thu Jun 23 09:33:27 2022
Quartus Prime Version 20.1.1 Build 720 11/11/2020 SJ Lite Edition


---------------------
; Table of Contents ;
---------------------
  1. Legal Notice
  2. Analysis & Synthesis Summary
  3. Analysis & Synthesis Settings
  4. Parallel Compilation
  5. Analysis & Synthesis Source Files Read
  6. Analysis & Synthesis Resource Usage Summary
  7. Analysis & Synthesis Resource Utilization by Entity
  8. State Machine - |MarcadorTenis|MefSet:mef_set|current_state
  9. State Machine - |MarcadorTenis|MefJogoNormal:mef_jogo_normal|current_state
 10. User-Specified and Inferred Latches
 11. General Register Statistics
 12. Inverted Register Statistics
 13. Multiplexer Restructuring Statistics (Restructuring Performed)
 14. Parameter Settings for User Entity Instance: Debouncer:Debouncer_PointsB
 15. Parameter Settings for User Entity Instance: Debouncer:Debouncer_PointsA
 16. Parameter Settings for User Entity Instance: Debouncer:Debouncer_Next_set
 17. Port Connectivity Checks: "MefSet:mef_set"
 18. Post-Synthesis Netlist Statistics for Top Partition
 19. Elapsed Time Per Partition
 20. Analysis & Synthesis Messages



----------------
; Legal Notice ;
----------------
Copyright (C) 2020  Intel Corporation. All rights reserved.
Your use of Intel Corporation's design tools, logic functions 
and other software and tools, and any partner logic 
functions, and any output files from any of the foregoing 
(including device programming or simulation files), and any 
associated documentation or information are expressly subject 
to the terms and conditions of the Intel Program License 
Subscription Agreement, the Intel Quartus Prime License Agreement,
the Intel FPGA IP License Agreement, or other applicable license
agreement, including, without limitation, that your use is for
the sole purpose of programming logic devices manufactured by
Intel and sold by Intel or its authorized distributors.  Please
refer to the applicable agreement for further details, at
https://fpgasoftware.intel.com/eula.



+----------------------------------------------------------------------------------+
; Analysis & Synthesis Summary                                                     ;
+------------------------------------+---------------------------------------------+
; Analysis & Synthesis Status        ; Successful - Thu Jun 23 09:33:27 2022       ;
; Quartus Prime Version              ; 20.1.1 Build 720 11/11/2020 SJ Lite Edition ;
; Revision Name                      ; MarcadorTenis                               ;
; Top-level Entity Name              ; MarcadorTenis                               ;
; Family                             ; Cyclone IV E                                ;
; Total logic elements               ; 393                                         ;
;     Total combinational functions  ; 385                                         ;
;     Dedicated logic registers      ; 136                                         ;
; Total registers                    ; 136                                         ;
; Total pins                         ; 47                                          ;
; Total virtual pins                 ; 0                                           ;
; Total memory bits                  ; 0                                           ;
; Embedded Multiplier 9-bit elements ; 0                                           ;
; Total PLLs                         ; 0                                           ;
+------------------------------------+---------------------------------------------+


+------------------------------------------------------------------------------------------------------------+
; Analysis & Synthesis Settings                                                                              ;
+------------------------------------------------------------------+--------------------+--------------------+
; Option                                                           ; Setting            ; Default Value      ;
+------------------------------------------------------------------+--------------------+--------------------+
; Device                                                           ; EP4CE115F29C7      ;                    ;
; Top-level entity name                                            ; MarcadorTenis      ; MarcadorTenis      ;
; Family name                                                      ; Cyclone IV E       ; Cyclone V          ;
; Use smart compilation                                            ; Off                ; Off                ;
; Enable parallel Assembler and Timing Analyzer during compilation ; On                 ; On                 ;
; Enable compact report table                                      ; Off                ; Off                ;
; Restructure Multiplexers                                         ; Auto               ; Auto               ;
; Create Debugging Nodes for IP Cores                              ; Off                ; Off                ;
; Preserve fewer node names                                        ; On                 ; On                 ;
; Intel FPGA IP Evaluation Mode                                    ; Enable             ; Enable             ;
; Verilog Version                                                  ; Verilog_2001       ; Verilog_2001       ;
; VHDL Version                                                     ; VHDL_1993          ; VHDL_1993          ;
; State Machine Processing                                         ; Auto               ; Auto               ;
; Safe State Machine                                               ; Off                ; Off                ;
; Extract Verilog State Machines                                   ; On                 ; On                 ;
; Extract VHDL State Machines                                      ; On                 ; On                 ;
; Ignore Verilog initial constructs                                ; Off                ; Off                ;
; Iteration limit for constant Verilog loops                       ; 5000               ; 5000               ;
; Iteration limit for non-constant Verilog loops                   ; 250                ; 250                ;
; Add Pass-Through Logic to Inferred RAMs                          ; On                 ; On                 ;
; Infer RAMs from Raw Logic                                        ; On                 ; On                 ;
; Parallel Synthesis                                               ; On                 ; On                 ;
; DSP Block Balancing                                              ; Auto               ; Auto               ;
; NOT Gate Push-Back                                               ; On                 ; On                 ;
; Power-Up Don't Care                                              ; On                 ; On                 ;
; Remove Redundant Logic Cells                                     ; Off                ; Off                ;
; Remove Duplicate Registers                                       ; On                 ; On                 ;
; Ignore CARRY Buffers                                             ; Off                ; Off                ;
; Ignore CASCADE Buffers                                           ; Off                ; Off                ;
; Ignore GLOBAL Buffers                                            ; Off                ; Off                ;
; Ignore ROW GLOBAL Buffers                                        ; Off                ; Off                ;
; Ignore LCELL Buffers                                             ; Off                ; Off                ;
; Ignore SOFT Buffers                                              ; On                 ; On                 ;
; Limit AHDL Integers to 32 Bits                                   ; Off                ; Off                ;
; Optimization Technique                                           ; Balanced           ; Balanced           ;
; Carry Chain Length                                               ; 70                 ; 70                 ;
; Auto Carry Chains                                                ; On                 ; On                 ;
; Auto Open-Drain Pins                                             ; On                 ; On                 ;
; Perform WYSIWYG Primitive Resynthesis                            ; Off                ; Off                ;
; Auto ROM Replacement                                             ; On                 ; On                 ;
; Auto RAM Replacement                                             ; On                 ; On                 ;
; Auto DSP Block Replacement                                       ; On                 ; On                 ;
; Auto Shift Register Replacement                                  ; Auto               ; Auto               ;
; Allow Shift Register Merging across Hierarchies                  ; Auto               ; Auto               ;
; Auto Clock Enable Replacement                                    ; On                 ; On                 ;
; Strict RAM Replacement                                           ; Off                ; Off                ;
; Allow Synchronous Control Signals                                ; On                 ; On                 ;
; Force Use of Synchronous Clear Signals                           ; Off                ; Off                ;
; Auto RAM Block Balancing                                         ; On                 ; On                 ;
; Auto RAM to Logic Cell Conversion                                ; Off                ; Off                ;
; Auto Resource Sharing                                            ; Off                ; Off                ;
; Allow Any RAM Size For Recognition                               ; Off                ; Off                ;
; Allow Any ROM Size For Recognition                               ; Off                ; Off                ;
; Allow Any Shift Register Size For Recognition                    ; Off                ; Off                ;
; Use LogicLock Constraints during Resource Balancing              ; On                 ; On                 ;
; Ignore translate_off and synthesis_off directives                ; Off                ; Off                ;
; Timing-Driven Synthesis                                          ; On                 ; On                 ;
; Report Parameter Settings                                        ; On                 ; On                 ;
; Report Source Assignments                                        ; On                 ; On                 ;
; Report Connectivity Checks                                       ; On                 ; On                 ;
; Ignore Maximum Fan-Out Assignments                               ; Off                ; Off                ;
; Synchronization Register Chain Length                            ; 2                  ; 2                  ;
; Power Optimization During Synthesis                              ; Normal compilation ; Normal compilation ;
; HDL message level                                                ; Level2             ; Level2             ;
; Suppress Register Optimization Related Messages                  ; Off                ; Off                ;
; Number of Removed Registers Reported in Synthesis Report         ; 5000               ; 5000               ;
; Number of Swept Nodes Reported in Synthesis Report               ; 5000               ; 5000               ;
; Number of Inverted Registers Reported in Synthesis Report        ; 100                ; 100                ;
; Clock MUX Protection                                             ; On                 ; On                 ;
; Auto Gated Clock Conversion                                      ; Off                ; Off                ;
; Block Design Naming                                              ; Auto               ; Auto               ;
; SDC constraint protection                                        ; Off                ; Off                ;
; Synthesis Effort                                                 ; Auto               ; Auto               ;
; Shift Register Replacement - Allow Asynchronous Clear Signal     ; On                 ; On                 ;
; Pre-Mapping Resynthesis Optimization                             ; Off                ; Off                ;
; Analysis & Synthesis Message Level                               ; Medium             ; Medium             ;
; Disable Register Merging Across Hierarchies                      ; Auto               ; Auto               ;
; Resource Aware Inference For Block RAM                           ; On                 ; On                 ;
+------------------------------------------------------------------+--------------------+--------------------+


+------------------------------------------+
; Parallel Compilation                     ;
+----------------------------+-------------+
; Processors                 ; Number      ;
+----------------------------+-------------+
; Number detected on machine ; 16          ;
; Maximum allowed            ; 16          ;
;                            ;             ;
; Average used               ; 1.00        ;
; Maximum used               ; 16          ;
;                            ;             ;
; Usage by Processor         ; % Time Used ;
;     Processor 1            ; 100.0%      ;
;     Processor 2            ;   0.0%      ;
;     Processors 3-16        ;   0.0%      ;
+----------------------------+-------------+


+------------------------------------------------------------------------------------------------------------------------------------------------------------------------------------------------+
; Analysis & Synthesis Source Files Read                                                                                                                                                         ;
+----------------------------------+-----------------+-----------------+---------------------------------------------------------------------------------------------------------------+---------+
; File Name with User-Entered Path ; Used in Netlist ; File Type       ; File Name with Absolute Path                                                                                  ; Library ;
+----------------------------------+-----------------+-----------------+---------------------------------------------------------------------------------------------------------------+---------+
; Debouncer.vhd                    ; yes             ; User VHDL File  ; C:/Users/Tiago Fonseca/OneDrive - Universidade de Aveiro/Desktop/Projeto/MarcadorTenis/Debouncer.vhd          ;         ;
; MefJogoNormal.vhd                ; yes             ; User VHDL File  ; C:/Users/Tiago Fonseca/OneDrive - Universidade de Aveiro/Desktop/Projeto/MarcadorTenis/MefJogoNormal.vhd      ;         ;
; ShowHex_JogoNormal.vhd           ; yes             ; User VHDL File  ; C:/Users/Tiago Fonseca/OneDrive - Universidade de Aveiro/Desktop/Projeto/MarcadorTenis/ShowHex_JogoNormal.vhd ;         ;
; Counter.vhd                      ; yes             ; User VHDL File  ; C:/Users/Tiago Fonseca/OneDrive - Universidade de Aveiro/Desktop/Projeto/MarcadorTenis/Counter.vhd            ;         ;
; MarcadorTenis.vhd                ; yes             ; User VHDL File  ; C:/Users/Tiago Fonseca/OneDrive - Universidade de Aveiro/Desktop/Projeto/MarcadorTenis/MarcadorTenis.vhd      ;         ;
; MefTieBreak.vhd                  ; yes             ; User VHDL File  ; C:/Users/Tiago Fonseca/OneDrive - Universidade de Aveiro/Desktop/Projeto/MarcadorTenis/MefTieBreak.vhd        ;         ;
; ShowHex_TieBreak.vhd             ; yes             ; User VHDL File  ; C:/Users/Tiago Fonseca/OneDrive - Universidade de Aveiro/Desktop/Projeto/MarcadorTenis/ShowHex_TieBreak.vhd   ;         ;
; MuxHexDisplay.vhd                ; yes             ; User VHDL File  ; C:/Users/Tiago Fonseca/OneDrive - Universidade de Aveiro/Desktop/Projeto/MarcadorTenis/MuxHexDisplay.vhd      ;         ;
; Counter_Set.vhd                  ; yes             ; User VHDL File  ; C:/Users/Tiago Fonseca/OneDrive - Universidade de Aveiro/Desktop/Projeto/MarcadorTenis/Counter_Set.vhd        ;         ;
; MefSet.vhd                       ; yes             ; User VHDL File  ; C:/Users/Tiago Fonseca/OneDrive - Universidade de Aveiro/Desktop/Projeto/MarcadorTenis/MefSet.vhd             ;         ;
; ShowHex_Set.vhd                  ; yes             ; User VHDL File  ; C:/Users/Tiago Fonseca/OneDrive - Universidade de Aveiro/Desktop/Projeto/MarcadorTenis/ShowHex_Set.vhd        ;         ;
+----------------------------------+-----------------+-----------------+---------------------------------------------------------------------------------------------------------------+---------+


+--------------------------------------------------------------+
; Analysis & Synthesis Resource Usage Summary                  ;
+---------------------------------------------+----------------+
; Resource                                    ; Usage          ;
+---------------------------------------------+----------------+
; Estimated Total logic elements              ; 393            ;
;                                             ;                ;
; Total combinational functions               ; 385            ;
; Logic element usage by number of LUT inputs ;                ;
;     -- 4 input functions                    ; 181            ;
;     -- 3 input functions                    ; 80             ;
;     -- <=2 input functions                  ; 124            ;
;                                             ;                ;
; Logic elements by mode                      ;                ;
;     -- normal mode                          ; 304            ;
;     -- arithmetic mode                      ; 81             ;
;                                             ;                ;
; Total registers                             ; 136            ;
;     -- Dedicated logic registers            ; 136            ;
;     -- I/O registers                        ; 0              ;
;                                             ;                ;
; I/O pins                                    ; 47             ;
;                                             ;                ;
; Embedded Multiplier 9-bit elements          ; 0              ;
;                                             ;                ;
; Maximum fan-out node                        ; CLOCK_50~input ;
; Maximum fan-out                             ; 136            ;
; Total fan-out                               ; 1681           ;
; Average fan-out                             ; 2.73           ;
+---------------------------------------------+----------------+


+----------------------------------------------------------------------------------------------------------------------------------------------------------------------------------------------------------------------------------------------------------------------------+
; Analysis & Synthesis Resource Utilization by Entity                                                                                                                                                                                                                        ;
+-------------------------------------------------+---------------------+---------------------------+-------------+--------------+---------+-----------+------+--------------+-----------------------------------------------------------+--------------------+--------------+
; Compilation Hierarchy Node                      ; Combinational ALUTs ; Dedicated Logic Registers ; Memory Bits ; DSP Elements ; DSP 9x9 ; DSP 18x18 ; Pins ; Virtual Pins ; Full Hierarchy Name                                       ; Entity Name        ; Library Name ;
+-------------------------------------------------+---------------------+---------------------------+-------------+--------------+---------+-----------+------+--------------+-----------------------------------------------------------+--------------------+--------------+
; |MarcadorTenis                                  ; 385 (7)             ; 136 (0)                   ; 0           ; 0            ; 0       ; 0         ; 47   ; 0            ; |MarcadorTenis                                            ; MarcadorTenis      ; work         ;
;    |Counter:counter_A_Jogo_Normal|              ; 4 (4)               ; 4 (4)                     ; 0           ; 0            ; 0       ; 0         ; 0    ; 0            ; |MarcadorTenis|Counter:counter_A_Jogo_Normal              ; Counter            ; work         ;
;    |Counter:counter_A_TieBreak|                 ; 4 (4)               ; 4 (4)                     ; 0           ; 0            ; 0       ; 0         ; 0    ; 0            ; |MarcadorTenis|Counter:counter_A_TieBreak                 ; Counter            ; work         ;
;    |Counter:counter_B_Jogo_Normal|              ; 4 (4)               ; 4 (4)                     ; 0           ; 0            ; 0       ; 0         ; 0    ; 0            ; |MarcadorTenis|Counter:counter_B_Jogo_Normal              ; Counter            ; work         ;
;    |Counter:counter_B_TieBreak|                 ; 4 (4)               ; 4 (4)                     ; 0           ; 0            ; 0       ; 0         ; 0    ; 0            ; |MarcadorTenis|Counter:counter_B_TieBreak                 ; Counter            ; work         ;
;    |Counter_Set:counter_A_Set|                  ; 6 (6)               ; 4 (4)                     ; 0           ; 0            ; 0       ; 0         ; 0    ; 0            ; |MarcadorTenis|Counter_Set:counter_A_Set                  ; Counter_Set        ; work         ;
;    |Counter_Set:counter_B_Set|                  ; 6 (6)               ; 4 (4)                     ; 0           ; 0            ; 0       ; 0         ; 0    ; 0            ; |MarcadorTenis|Counter_Set:counter_B_Set                  ; Counter_Set        ; work         ;
;    |Debouncer:Debouncer_Next_set|               ; 64 (64)             ; 25 (25)                   ; 0           ; 0            ; 0       ; 0         ; 0    ; 0            ; |MarcadorTenis|Debouncer:Debouncer_Next_set               ; Debouncer          ; work         ;
;    |Debouncer:Debouncer_PointsA|                ; 64 (64)             ; 25 (25)                   ; 0           ; 0            ; 0       ; 0         ; 0    ; 0            ; |MarcadorTenis|Debouncer:Debouncer_PointsA                ; Debouncer          ; work         ;
;    |Debouncer:Debouncer_PointsB|                ; 64 (64)             ; 25 (25)                   ; 0           ; 0            ; 0       ; 0         ; 0    ; 0            ; |MarcadorTenis|Debouncer:Debouncer_PointsB                ; Debouncer          ; work         ;
;    |MefJogoNormal:mef_jogo_normal|              ; 42 (42)             ; 5 (5)                     ; 0           ; 0            ; 0       ; 0         ; 0    ; 0            ; |MarcadorTenis|MefJogoNormal:mef_jogo_normal              ; MefJogoNormal      ; work         ;
;    |MefSet:mef_set|                             ; 20 (20)             ; 3 (3)                     ; 0           ; 0            ; 0       ; 0         ; 0    ; 0            ; |MarcadorTenis|MefSet:mef_set                             ; MefSet             ; work         ;
;    |MefTieBreak:mef_tiebreak|                   ; 29 (29)             ; 1 (1)                     ; 0           ; 0            ; 0       ; 0         ; 0    ; 0            ; |MarcadorTenis|MefTieBreak:mef_tiebreak                   ; MefTieBreak        ; work         ;
;    |MuxHexDisplay:mux_hex_display|              ; 28 (28)             ; 28 (28)                   ; 0           ; 0            ; 0       ; 0         ; 0    ; 0            ; |MarcadorTenis|MuxHexDisplay:mux_hex_display              ; MuxHexDisplay      ; work         ;
;    |ShowHex_JogoNormal:hex_display_jogo_normal| ; 9 (9)               ; 0 (0)                     ; 0           ; 0            ; 0       ; 0         ; 0    ; 0            ; |MarcadorTenis|ShowHex_JogoNormal:hex_display_jogo_normal ; ShowHex_JogoNormal ; work         ;
;    |ShowHex_Set:hex_display_set|                ; 14 (14)             ; 0 (0)                     ; 0           ; 0            ; 0       ; 0         ; 0    ; 0            ; |MarcadorTenis|ShowHex_Set:hex_display_set                ; ShowHex_Set        ; work         ;
;    |ShowHex_TieBreak:hex_display_Tie_Break|     ; 16 (16)             ; 0 (0)                     ; 0           ; 0            ; 0       ; 0         ; 0    ; 0            ; |MarcadorTenis|ShowHex_TieBreak:hex_display_Tie_Break     ; ShowHex_TieBreak   ; work         ;
+-------------------------------------------------+---------------------+---------------------------+-------------+--------------+---------+-----------+------+--------------+-----------------------------------------------------------+--------------------+--------------+
Note: For table entries with two numbers listed, the numbers in parentheses indicate the number of resources of the given type used by the specific entity alone. The numbers listed outside of parentheses indicate the total resources of the given type used by the specific entity and all of its sub-entities in the hierarchy.


Encoding Type:  One-Hot
+---------------------------------------------------------------------------+
; State Machine - |MarcadorTenis|MefSet:mef_set|current_state               ;
+------------------+------------------+------------------+------------------+
; Name             ; current_state.S2 ; current_state.S1 ; current_state.S0 ;
+------------------+------------------+------------------+------------------+
; current_state.S0 ; 0                ; 0                ; 0                ;
; current_state.S1 ; 0                ; 1                ; 1                ;
; current_state.S2 ; 1                ; 0                ; 1                ;
+------------------+------------------+------------------+------------------+


Encoding Type:  One-Hot
+-----------------------------------------------------------------------------------------------------------------------+
; State Machine - |MarcadorTenis|MefJogoNormal:mef_jogo_normal|current_state                                            ;
+--------------------+------------------+--------------------+--------------------+------------------+------------------+
; Name               ; current_state.S3 ; current_state.S2_B ; current_state.S2_A ; current_state.S1 ; current_state.S0 ;
+--------------------+------------------+--------------------+--------------------+------------------+------------------+
; current_state.S0   ; 0                ; 0                  ; 0                  ; 0                ; 0                ;
; current_state.S1   ; 0                ; 0                  ; 0                  ; 1                ; 1                ;
; current_state.S2_A ; 0                ; 0                  ; 1                  ; 0                ; 1                ;
; current_state.S2_B ; 0                ; 1                  ; 0                  ; 0                ; 1                ;
; current_state.S3   ; 1                ; 0                  ; 0                  ; 0                ; 1                ;
+--------------------+------------------+--------------------+--------------------+------------------+------------------+


+-----------------------------------------------------------------------------------------------------------------------+
; User-Specified and Inferred Latches                                                                                   ;
+----------------------------------------------------+-----------------------------------------+------------------------+
; Latch Name                                         ; Latch Enable Signal                     ; Free of Timing Hazards ;
+----------------------------------------------------+-----------------------------------------+------------------------+
; MefJogoNormal:mef_jogo_normal|gamewinner_B         ; MefJogoNormal:mef_jogo_normal|Selector0 ; yes                    ;
; MefTieBreak:mef_tiebreak|gamewinner_B              ; MefTieBreak:mef_tiebreak|gamewinner_A   ; yes                    ;
; MefSet:mef_set|next_set_mode                       ; MefSet:mef_set|current_state.S1         ; yes                    ;
; MefJogoNormal:mef_jogo_normal|gamewinner_A         ; MefJogoNormal:mef_jogo_normal|Selector0 ; yes                    ;
; MefTieBreak:mef_tiebreak|gamewinner_A              ; MefTieBreak:mef_tiebreak|gamewinner_A   ; yes                    ;
; MefSet:mef_set|enable_tiebreak                     ; MefSet:mef_set|current_state.S1         ; yes                    ;
; MefTieBreak:mef_tiebreak|next_state                ; MefTieBreak:mef_tiebreak|next_state     ; yes                    ;
; Number of user-specified and inferred latches = 7  ;                                         ;                        ;
+----------------------------------------------------+-----------------------------------------+------------------------+
Note: All latches listed above may not be present at the end of synthesis due to various synthesis optimizations.


+------------------------------------------------------+
; General Register Statistics                          ;
+----------------------------------------------+-------+
; Statistic                                    ; Value ;
+----------------------------------------------+-------+
; Total registers                              ; 136   ;
; Number of registers using Synchronous Clear  ; 0     ;
; Number of registers using Synchronous Load   ; 33    ;
; Number of registers using Asynchronous Clear ; 0     ;
; Number of registers using Asynchronous Load  ; 0     ;
; Number of registers using Clock Enable       ; 57    ;
; Number of registers using Preset             ; 0     ;
+----------------------------------------------+-------+


+------------------------------------------------------+
; Inverted Register Statistics                         ;
+--------------------------------------------+---------+
; Inverted Register                          ; Fan out ;
+--------------------------------------------+---------+
; Counter_Set:counter_B_Set|s_counter_out[0] ; 13      ;
; Counter_Set:counter_A_Set|s_counter_out[0] ; 13      ;
; Total number of inverted registers = 2     ;         ;
+--------------------------------------------+---------+


+-----------------------------------------------------------------------------------------------------------------------------------------------------------------------------+
; Multiplexer Restructuring Statistics (Restructuring Performed)                                                                                                              ;
+--------------------+-----------+---------------+----------------------+------------------------+------------+---------------------------------------------------------------+
; Multiplexer Inputs ; Bus Width ; Baseline Area ; Area if Restructured ; Saving if Restructured ; Registered ; Example Multiplexer Output                                    ;
+--------------------+-----------+---------------+----------------------+------------------------+------------+---------------------------------------------------------------+
; 3:1                ; 3 bits    ; 6 LEs         ; 3 LEs                ; 3 LEs                  ; Yes        ; |MarcadorTenis|Counter_Set:counter_B_Set|s_counter_out[3]     ;
; 3:1                ; 3 bits    ; 6 LEs         ; 3 LEs                ; 3 LEs                  ; Yes        ; |MarcadorTenis|Counter_Set:counter_A_Set|s_counter_out[1]     ;
; 3:1                ; 2 bits    ; 4 LEs         ; 4 LEs                ; 0 LEs                  ; Yes        ; |MarcadorTenis|MuxHexDisplay:mux_hex_display|Hex7_out[3]      ;
; 3:1                ; 2 bits    ; 4 LEs         ; 4 LEs                ; 0 LEs                  ; Yes        ; |MarcadorTenis|MuxHexDisplay:mux_hex_display|Hex5_out[6]      ;
; 3:1                ; 8 bits    ; 16 LEs        ; 16 LEs               ; 0 LEs                  ; Yes        ; |MarcadorTenis|MuxHexDisplay:mux_hex_display|Hex6_out[6]      ;
; 5:1                ; 22 bits   ; 66 LEs        ; 44 LEs               ; 22 LEs                 ; Yes        ; |MarcadorTenis|Debouncer:Debouncer_Next_set|s_debounceCnt[19] ;
; 5:1                ; 22 bits   ; 66 LEs        ; 44 LEs               ; 22 LEs                 ; Yes        ; |MarcadorTenis|Debouncer:Debouncer_PointsA|s_debounceCnt[1]   ;
; 5:1                ; 22 bits   ; 66 LEs        ; 44 LEs               ; 22 LEs                 ; Yes        ; |MarcadorTenis|Debouncer:Debouncer_PointsB|s_debounceCnt[17]  ;
; 3:1                ; 2 bits    ; 4 LEs         ; 4 LEs                ; 0 LEs                  ; No         ; |MarcadorTenis|MuxHexDisplay:mux_hex_display|Hex7_out         ;
; 5:1                ; 2 bits    ; 6 LEs         ; 2 LEs                ; 4 LEs                  ; No         ; |MarcadorTenis|MefSet:mef_set|next_state                      ;
+--------------------+-----------+---------------+----------------------+------------------------+------------+---------------------------------------------------------------+


+--------------------------------------------------------------------------+
; Parameter Settings for User Entity Instance: Debouncer:Debouncer_PointsB ;
+----------------+-------+-------------------------------------------------+
; Parameter Name ; Value ; Type                                            ;
+----------------+-------+-------------------------------------------------+
; khzclkfreq     ; 50000 ; Signed Integer                                  ;
; msecmininwidth ; 50    ; Signed Integer                                  ;
; inpolarity     ; '1'   ; Enumerated                                      ;
; outpolarity    ; '0'   ; Enumerated                                      ;
+----------------+-------+-------------------------------------------------+
Note: In order to hide this table in the UI and the text report file, please set the "Show Parameter Settings in Synthesis Report" option in "Analysis and Synthesis Settings -> More Settings" to "Off".


+--------------------------------------------------------------------------+
; Parameter Settings for User Entity Instance: Debouncer:Debouncer_PointsA ;
+----------------+-------+-------------------------------------------------+
; Parameter Name ; Value ; Type                                            ;
+----------------+-------+-------------------------------------------------+
; khzclkfreq     ; 50000 ; Signed Integer                                  ;
; msecmininwidth ; 50    ; Signed Integer                                  ;
; inpolarity     ; '1'   ; Enumerated                                      ;
; outpolarity    ; '0'   ; Enumerated                                      ;
+----------------+-------+-------------------------------------------------+
Note: In order to hide this table in the UI and the text report file, please set the "Show Parameter Settings in Synthesis Report" option in "Analysis and Synthesis Settings -> More Settings" to "Off".


+---------------------------------------------------------------------------+
; Parameter Settings for User Entity Instance: Debouncer:Debouncer_Next_set ;
+----------------+-------+--------------------------------------------------+
; Parameter Name ; Value ; Type                                             ;
+----------------+-------+--------------------------------------------------+
; khzclkfreq     ; 50000 ; Signed Integer                                   ;
; msecmininwidth ; 50    ; Signed Integer                                   ;
; inpolarity     ; '1'   ; Enumerated                                       ;
; outpolarity    ; '0'   ; Enumerated                                       ;
+----------------+-------+--------------------------------------------------+
Note: In order to hide this table in the UI and the text report file, please set the "Show Parameter Settings in Synthesis Report" option in "Analysis and Synthesis Settings -> More Settings" to "Off".


+-----------------------------------------------------------------------------------------------------------------------+
; Port Connectivity Checks: "MefSet:mef_set"                                                                            ;
+-------------+--------+----------+-------------------------------------------------------------------------------------+
; Port        ; Type   ; Severity ; Details                                                                             ;
+-------------+--------+----------+-------------------------------------------------------------------------------------+
; set_winnera ; Output ; Info     ; Connected to dangling logic. Logic that only feeds a dangling port will be removed. ;
; set_winnerb ; Output ; Info     ; Connected to dangling logic. Logic that only feeds a dangling port will be removed. ;
+-------------+--------+----------+-------------------------------------------------------------------------------------+


+-----------------------------------------------------+
; Post-Synthesis Netlist Statistics for Top Partition ;
+-----------------------+-----------------------------+
; Type                  ; Count                       ;
+-----------------------+-----------------------------+
; boundary_port         ; 47                          ;
; cycloneiii_ff         ; 136                         ;
;     ENA               ; 57                          ;
;     SLD               ; 33                          ;
;     plain             ; 46                          ;
; cycloneiii_lcell_comb ; 399                         ;
;     arith             ; 81                          ;
;         2 data inputs ; 71                          ;
;         3 data inputs ; 10                          ;
;     normal            ; 318                         ;
;         0 data inputs ; 1                           ;
;         1 data inputs ; 21                          ;
;         2 data inputs ; 45                          ;
;         3 data inputs ; 70                          ;
;         4 data inputs ; 181                         ;
;                       ;                             ;
; Max LUT depth         ; 6.00                        ;
; Average LUT depth     ; 3.76                        ;
+-----------------------+-----------------------------+


+-------------------------------+
; Elapsed Time Per Partition    ;
+----------------+--------------+
; Partition Name ; Elapsed Time ;
+----------------+--------------+
; Top            ; 00:00:00     ;
+----------------+--------------+


+-------------------------------+
; Analysis & Synthesis Messages ;
+-------------------------------+
Info: *******************************************************************
Info: Running Quartus Prime Analysis & Synthesis
    Info: Version 20.1.1 Build 720 11/11/2020 SJ Lite Edition
    Info: Processing started: Thu Jun 23 09:33:19 2022
Info: Command: quartus_map --read_settings_files=on --write_settings_files=off MarcadorTenis -c MarcadorTenis
Warning (18236): Number of processors has not been specified which may cause overloading on shared machines.  Set the global assignment NUM_PARALLEL_PROCESSORS in your QSF to an appropriate value for best performance.
Info (20030): Parallel compilation is enabled and will use 16 of the 16 processors detected
Info (12021): Found 2 design units, including 1 entities, in source file debouncer.vhd
    Info (12022): Found design unit 1: Debouncer-Behavioral File: C:/Users/Tiago Fonseca/OneDrive - Universidade de Aveiro/Desktop/Projeto/MarcadorTenis/Debouncer.vhd Line: 15
    Info (12023): Found entity 1: Debouncer File: C:/Users/Tiago Fonseca/OneDrive - Universidade de Aveiro/Desktop/Projeto/MarcadorTenis/Debouncer.vhd Line: 5
Info (12021): Found 2 design units, including 1 entities, in source file mefjogonormal.vhd
    Info (12022): Found design unit 1: MefJogoNormal-MealyArch File: C:/Users/Tiago Fonseca/OneDrive - Universidade de Aveiro/Desktop/Projeto/MarcadorTenis/MefJogoNormal.vhd Line: 14
    Info (12023): Found entity 1: MefJogoNormal File: C:/Users/Tiago Fonseca/OneDrive - Universidade de Aveiro/Desktop/Projeto/MarcadorTenis/MefJogoNormal.vhd Line: 4
Info (12021): Found 2 design units, including 1 entities, in source file showhex_jogonormal.vhd
    Info (12022): Found design unit 1: ShowHex_JogoNormal-Behavioral File: C:/Users/Tiago Fonseca/OneDrive - Universidade de Aveiro/Desktop/Projeto/MarcadorTenis/ShowHex_JogoNormal.vhd Line: 14
    Info (12023): Found entity 1: ShowHex_JogoNormal File: C:/Users/Tiago Fonseca/OneDrive - Universidade de Aveiro/Desktop/Projeto/MarcadorTenis/ShowHex_JogoNormal.vhd Line: 4
Info (12021): Found 2 design units, including 1 entities, in source file counter.vhd
    Info (12022): Found design unit 1: Counter-Behavioral File: C:/Users/Tiago Fonseca/OneDrive - Universidade de Aveiro/Desktop/Projeto/MarcadorTenis/Counter.vhd Line: 12
    Info (12023): Found entity 1: Counter File: C:/Users/Tiago Fonseca/OneDrive - Universidade de Aveiro/Desktop/Projeto/MarcadorTenis/Counter.vhd Line: 5
Info (12021): Found 2 design units, including 1 entities, in source file marcadortenis.vhd
    Info (12022): Found design unit 1: MarcadorTenis-Implementation File: C:/Users/Tiago Fonseca/OneDrive - Universidade de Aveiro/Desktop/Projeto/MarcadorTenis/MarcadorTenis.vhd Line: 15
    Info (12023): Found entity 1: MarcadorTenis File: C:/Users/Tiago Fonseca/OneDrive - Universidade de Aveiro/Desktop/Projeto/MarcadorTenis/MarcadorTenis.vhd Line: 4
Info (12021): Found 2 design units, including 1 entities, in source file meftiebreak.vhd
    Info (12022): Found design unit 1: MefTieBreak-MealyArch File: C:/Users/Tiago Fonseca/OneDrive - Universidade de Aveiro/Desktop/Projeto/MarcadorTenis/MefTieBreak.vhd Line: 14
    Info (12023): Found entity 1: MefTieBreak File: C:/Users/Tiago Fonseca/OneDrive - Universidade de Aveiro/Desktop/Projeto/MarcadorTenis/MefTieBreak.vhd Line: 5
Info (12021): Found 2 design units, including 1 entities, in source file showhex_tiebreak.vhd
    Info (12022): Found design unit 1: ShowHex_TieBreak-Behavioral File: C:/Users/Tiago Fonseca/OneDrive - Universidade de Aveiro/Desktop/Projeto/MarcadorTenis/ShowHex_TieBreak.vhd Line: 13
    Info (12023): Found entity 1: ShowHex_TieBreak File: C:/Users/Tiago Fonseca/OneDrive - Universidade de Aveiro/Desktop/Projeto/MarcadorTenis/ShowHex_TieBreak.vhd Line: 4
Info (12021): Found 2 design units, including 1 entities, in source file muxhexdisplay.vhd
    Info (12022): Found design unit 1: MuxHexDisplay-Behavioral File: C:/Users/Tiago Fonseca/OneDrive - Universidade de Aveiro/Desktop/Projeto/MarcadorTenis/MuxHexDisplay.vhd Line: 21
    Info (12023): Found entity 1: MuxHexDisplay File: C:/Users/Tiago Fonseca/OneDrive - Universidade de Aveiro/Desktop/Projeto/MarcadorTenis/MuxHexDisplay.vhd Line: 4
Info (12021): Found 2 design units, including 1 entities, in source file counter_set.vhd
    Info (12022): Found design unit 1: Counter_Set-Behavioral File: C:/Users/Tiago Fonseca/OneDrive - Universidade de Aveiro/Desktop/Projeto/MarcadorTenis/Counter_Set.vhd Line: 13
    Info (12023): Found entity 1: Counter_Set File: C:/Users/Tiago Fonseca/OneDrive - Universidade de Aveiro/Desktop/Projeto/MarcadorTenis/Counter_Set.vhd Line: 5
Info (12021): Found 2 design units, including 1 entities, in source file mefset.vhd
    Info (12022): Found design unit 1: MefSet-MealyArch File: C:/Users/Tiago Fonseca/OneDrive - Universidade de Aveiro/Desktop/Projeto/MarcadorTenis/MefSet.vhd Line: 16
    Info (12023): Found entity 1: MefSet File: C:/Users/Tiago Fonseca/OneDrive - Universidade de Aveiro/Desktop/Projeto/MarcadorTenis/MefSet.vhd Line: 4
Info (12021): Found 2 design units, including 1 entities, in source file showhex_set.vhd
    Info (12022): Found design unit 1: ShowHex_Set-Behavioral File: C:/Users/Tiago Fonseca/OneDrive - Universidade de Aveiro/Desktop/Projeto/MarcadorTenis/ShowHex_Set.vhd Line: 12
    Info (12023): Found entity 1: ShowHex_Set File: C:/Users/Tiago Fonseca/OneDrive - Universidade de Aveiro/Desktop/Projeto/MarcadorTenis/ShowHex_Set.vhd Line: 5
Info (12127): Elaborating entity "MarcadorTenis" for the top level hierarchy
Warning (10036): Verilog HDL or VHDL warning at MarcadorTenis.vhd(19): object "s_setwinner_B" assigned a value but never read File: C:/Users/Tiago Fonseca/OneDrive - Universidade de Aveiro/Desktop/Projeto/MarcadorTenis/MarcadorTenis.vhd Line: 19
Warning (10036): Verilog HDL or VHDL warning at MarcadorTenis.vhd(19): object "s_setwinner_A" assigned a value but never read File: C:/Users/Tiago Fonseca/OneDrive - Universidade de Aveiro/Desktop/Projeto/MarcadorTenis/MarcadorTenis.vhd Line: 19
Info (12129): Elaborating entity "Debouncer" using architecture "A:behavioral" for hierarchy "Debouncer:Debouncer_PointsB" File: C:/Users/Tiago Fonseca/OneDrive - Universidade de Aveiro/Desktop/Projeto/MarcadorTenis/MarcadorTenis.vhd Line: 27
Info (12129): Elaborating entity "Counter" using architecture "A:behavioral" for hierarchy "Counter:counter_B_Jogo_Normal" File: C:/Users/Tiago Fonseca/OneDrive - Universidade de Aveiro/Desktop/Projeto/MarcadorTenis/MarcadorTenis.vhd Line: 58
Info (12129): Elaborating entity "MefJogoNormal" using architecture "A:mealyarch" for hierarchy "MefJogoNormal:mef_jogo_normal" File: C:/Users/Tiago Fonseca/OneDrive - Universidade de Aveiro/Desktop/Projeto/MarcadorTenis/MarcadorTenis.vhd Line: 70
Warning (10631): VHDL Process Statement warning at MefJogoNormal.vhd(27): inferring latch(es) for signal or variable "gamewinner_A", which holds its previous value in one or more paths through the process File: C:/Users/Tiago Fonseca/OneDrive - Universidade de Aveiro/Desktop/Projeto/MarcadorTenis/MefJogoNormal.vhd Line: 27
Warning (10631): VHDL Process Statement warning at MefJogoNormal.vhd(27): inferring latch(es) for signal or variable "gamewinner_B", which holds its previous value in one or more paths through the process File: C:/Users/Tiago Fonseca/OneDrive - Universidade de Aveiro/Desktop/Projeto/MarcadorTenis/MefJogoNormal.vhd Line: 27
Info (10041): Inferred latch for "gamewinner_B" at MefJogoNormal.vhd(27) File: C:/Users/Tiago Fonseca/OneDrive - Universidade de Aveiro/Desktop/Projeto/MarcadorTenis/MefJogoNormal.vhd Line: 27
Info (10041): Inferred latch for "gamewinner_A" at MefJogoNormal.vhd(27) File: C:/Users/Tiago Fonseca/OneDrive - Universidade de Aveiro/Desktop/Projeto/MarcadorTenis/MefJogoNormal.vhd Line: 27
Info (12129): Elaborating entity "ShowHex_JogoNormal" using architecture "A:behavioral" for hierarchy "ShowHex_JogoNormal:hex_display_jogo_normal" File: C:/Users/Tiago Fonseca/OneDrive - Universidade de Aveiro/Desktop/Projeto/MarcadorTenis/MarcadorTenis.vhd Line: 79
Info (12129): Elaborating entity "MefTieBreak" using architecture "A:mealyarch" for hierarchy "MefTieBreak:mef_tiebreak" File: C:/Users/Tiago Fonseca/OneDrive - Universidade de Aveiro/Desktop/Projeto/MarcadorTenis/MarcadorTenis.vhd Line: 104
Warning (10631): VHDL Process Statement warning at MefTieBreak.vhd(28): inferring latch(es) for signal or variable "next_state", which holds its previous value in one or more paths through the process File: C:/Users/Tiago Fonseca/OneDrive - Universidade de Aveiro/Desktop/Projeto/MarcadorTenis/MefTieBreak.vhd Line: 28
Warning (10631): VHDL Process Statement warning at MefTieBreak.vhd(28): inferring latch(es) for signal or variable "gamewinner_A", which holds its previous value in one or more paths through the process File: C:/Users/Tiago Fonseca/OneDrive - Universidade de Aveiro/Desktop/Projeto/MarcadorTenis/MefTieBreak.vhd Line: 28
Warning (10631): VHDL Process Statement warning at MefTieBreak.vhd(28): inferring latch(es) for signal or variable "gamewinner_B", which holds its previous value in one or more paths through the process File: C:/Users/Tiago Fonseca/OneDrive - Universidade de Aveiro/Desktop/Projeto/MarcadorTenis/MefTieBreak.vhd Line: 28
Info (10041): Inferred latch for "gamewinner_B" at MefTieBreak.vhd(28) File: C:/Users/Tiago Fonseca/OneDrive - Universidade de Aveiro/Desktop/Projeto/MarcadorTenis/MefTieBreak.vhd Line: 28
Info (10041): Inferred latch for "gamewinner_A" at MefTieBreak.vhd(28) File: C:/Users/Tiago Fonseca/OneDrive - Universidade de Aveiro/Desktop/Projeto/MarcadorTenis/MefTieBreak.vhd Line: 28
Info (10041): Inferred latch for "next_state" at MefTieBreak.vhd(28) File: C:/Users/Tiago Fonseca/OneDrive - Universidade de Aveiro/Desktop/Projeto/MarcadorTenis/MefTieBreak.vhd Line: 28
Info (12129): Elaborating entity "ShowHex_TieBreak" using architecture "A:behavioral" for hierarchy "ShowHex_TieBreak:hex_display_Tie_Break" File: C:/Users/Tiago Fonseca/OneDrive - Universidade de Aveiro/Desktop/Projeto/MarcadorTenis/MarcadorTenis.vhd Line: 112
Info (12129): Elaborating entity "MuxHexDisplay" using architecture "A:behavioral" for hierarchy "MuxHexDisplay:mux_hex_display" File: C:/Users/Tiago Fonseca/OneDrive - Universidade de Aveiro/Desktop/Projeto/MarcadorTenis/MarcadorTenis.vhd Line: 124
Info (12129): Elaborating entity "Counter_Set" using architecture "A:behavioral" for hierarchy "Counter_Set:counter_B_Set" File: C:/Users/Tiago Fonseca/OneDrive - Universidade de Aveiro/Desktop/Projeto/MarcadorTenis/MarcadorTenis.vhd Line: 144
Info (12129): Elaborating entity "MefSet" using architecture "A:mealyarch" for hierarchy "MefSet:mef_set" File: C:/Users/Tiago Fonseca/OneDrive - Universidade de Aveiro/Desktop/Projeto/MarcadorTenis/MarcadorTenis.vhd Line: 158
Warning (10631): VHDL Process Statement warning at MefSet.vhd(29): inferring latch(es) for signal or variable "enable_tiebreak", which holds its previous value in one or more paths through the process File: C:/Users/Tiago Fonseca/OneDrive - Universidade de Aveiro/Desktop/Projeto/MarcadorTenis/MefSet.vhd Line: 29
Warning (10631): VHDL Process Statement warning at MefSet.vhd(29): inferring latch(es) for signal or variable "next_set_mode", which holds its previous value in one or more paths through the process File: C:/Users/Tiago Fonseca/OneDrive - Universidade de Aveiro/Desktop/Projeto/MarcadorTenis/MefSet.vhd Line: 29
Info (10041): Inferred latch for "next_set_mode" at MefSet.vhd(29) File: C:/Users/Tiago Fonseca/OneDrive - Universidade de Aveiro/Desktop/Projeto/MarcadorTenis/MefSet.vhd Line: 29
Info (10041): Inferred latch for "enable_tiebreak" at MefSet.vhd(29) File: C:/Users/Tiago Fonseca/OneDrive - Universidade de Aveiro/Desktop/Projeto/MarcadorTenis/MefSet.vhd Line: 29
Info (12129): Elaborating entity "ShowHex_Set" using architecture "A:behavioral" for hierarchy "ShowHex_Set:hex_display_set" File: C:/Users/Tiago Fonseca/OneDrive - Universidade de Aveiro/Desktop/Projeto/MarcadorTenis/MarcadorTenis.vhd Line: 169
Warning (13012): Latch MefJogoNormal:mef_jogo_normal|gamewinner_B has unsafe behavior File: C:/Users/Tiago Fonseca/OneDrive - Universidade de Aveiro/Desktop/Projeto/MarcadorTenis/MefJogoNormal.vhd Line: 11
    Warning (13013): Ports D and ENA on the latch are fed by the same signal MefJogoNormal:mef_jogo_normal|current_state.S3 File: C:/Users/Tiago Fonseca/OneDrive - Universidade de Aveiro/Desktop/Projeto/MarcadorTenis/MefJogoNormal.vhd Line: 17
Warning (13012): Latch MefTieBreak:mef_tiebreak|gamewinner_B has unsafe behavior File: C:/Users/Tiago Fonseca/OneDrive - Universidade de Aveiro/Desktop/Projeto/MarcadorTenis/MefTieBreak.vhd Line: 11
    Warning (13013): Ports D and ENA on the latch are fed by the same signal Counter:counter_B_TieBreak|s_counter_out[3] File: C:/Users/Tiago Fonseca/OneDrive - Universidade de Aveiro/Desktop/Projeto/MarcadorTenis/Counter.vhd Line: 17
Warning (13012): Latch MefJogoNormal:mef_jogo_normal|gamewinner_A has unsafe behavior File: C:/Users/Tiago Fonseca/OneDrive - Universidade de Aveiro/Desktop/Projeto/MarcadorTenis/MefJogoNormal.vhd Line: 10
    Warning (13013): Ports D and ENA on the latch are fed by the same signal MefJogoNormal:mef_jogo_normal|current_state.S3 File: C:/Users/Tiago Fonseca/OneDrive - Universidade de Aveiro/Desktop/Projeto/MarcadorTenis/MefJogoNormal.vhd Line: 17
Warning (13012): Latch MefTieBreak:mef_tiebreak|gamewinner_A has unsafe behavior File: C:/Users/Tiago Fonseca/OneDrive - Universidade de Aveiro/Desktop/Projeto/MarcadorTenis/MefTieBreak.vhd Line: 10
    Warning (13013): Ports D and ENA on the latch are fed by the same signal Counter:counter_B_TieBreak|s_counter_out[3] File: C:/Users/Tiago Fonseca/OneDrive - Universidade de Aveiro/Desktop/Projeto/MarcadorTenis/Counter.vhd Line: 17
Warning (13012): Latch MefTieBreak:mef_tiebreak|next_state has unsafe behavior File: C:/Users/Tiago Fonseca/OneDrive - Universidade de Aveiro/Desktop/Projeto/MarcadorTenis/MefTieBreak.vhd Line: 17
    Warning (13013): Ports D and ENA on the latch are fed by the same signal MefTieBreak:mef_tiebreak|current_state File: C:/Users/Tiago Fonseca/OneDrive - Universidade de Aveiro/Desktop/Projeto/MarcadorTenis/MefTieBreak.vhd Line: 17
Info (286030): Timing-Driven Synthesis is running
Info (16010): Generating hard_block partition "hard_block:auto_generated_inst"
    Info (16011): Adding 0 node(s), including 0 DDIO, 0 PLL, 0 transceiver and 0 LCELL
Warning (21074): Design contains 1 input pin(s) that do not drive logic
    Warning (15610): No output dependent on input pin "KEY[2]" File: C:/Users/Tiago Fonseca/OneDrive - Universidade de Aveiro/Desktop/Projeto/MarcadorTenis/MarcadorTenis.vhd Line: 6
Info (21057): Implemented 447 device resources after synthesis - the final resource count might be different
    Info (21058): Implemented 5 input pins
    Info (21059): Implemented 42 output pins
    Info (21061): Implemented 400 logic cells
Info: Quartus Prime Analysis & Synthesis was successful. 0 errors, 22 warnings
    Info: Peak virtual memory: 4856 megabytes
    Info: Processing ended: Thu Jun 23 09:33:27 2022
    Info: Elapsed time: 00:00:08
    Info: Total CPU time (on all processors): 00:00:17


